make --dry-run --always-make --keep-going --print-directory
make: Entering directory '/home/ivancholakov/workspace/sfml-linux-start'
/usr/bin/cmake -S/home/ivancholakov/workspace/sfml-linux-start -B/home/ivancholakov/workspace/sfml-linux-start --check-build-system CMakeFiles/Makefile.cmake 0
/usr/bin/cmake -E cmake_progress_start /home/ivancholakov/workspace/sfml-linux-start/CMakeFiles /home/ivancholakov/workspace/sfml-linux-start//CMakeFiles/progress.marks
make -s -f CMakeFiles/Makefile2 all
make[1]: Entering directory '/home/ivancholakov/workspace/sfml-linux-start'
make -s -f CMakeFiles/sfml-linux-start.dir/build.make CMakeFiles/sfml-linux-start.dir/depend
make[2]: Entering directory '/home/ivancholakov/workspace/sfml-linux-start'
cd /home/ivancholakov/workspace/sfml-linux-start && /usr/bin/cmake -E cmake_depends "Unix Makefiles" /home/ivancholakov/workspace/sfml-linux-start /home/ivancholakov/workspace/sfml-linux-start /home/ivancholakov/workspace/sfml-linux-start /home/ivancholakov/workspace/sfml-linux-start /home/ivancholakov/workspace/sfml-linux-start/CMakeFiles/sfml-linux-start.dir/DependInfo.cmake --color=
make[2]: Leaving directory '/home/ivancholakov/workspace/sfml-linux-start'
make -s -f CMakeFiles/sfml-linux-start.dir/build.make CMakeFiles/sfml-linux-start.dir/build
make[2]: Entering directory '/home/ivancholakov/workspace/sfml-linux-start'
/usr/bin/cmake -E cmake_echo_color --switch= --green --progress-dir=/home/ivancholakov/workspace/sfml-linux-start/CMakeFiles --progress-num=1 "Building CXX object CMakeFiles/sfml-linux-start.dir/src/EventManager.cpp.o"
/usr/bin/c++  -I/home/ivancholakov/workspace/sfml-linux-start/src -std=gnu++17 -MD -MT CMakeFiles/sfml-linux-start.dir/src/EventManager.cpp.o -MF CMakeFiles/sfml-linux-start.dir/src/EventManager.cpp.o.d -o CMakeFiles/sfml-linux-start.dir/src/EventManager.cpp.o -c /home/ivancholakov/workspace/sfml-linux-start/src/EventManager.cpp
/usr/bin/cmake -E cmake_echo_color --switch= --green --progress-dir=/home/ivancholakov/workspace/sfml-linux-start/CMakeFiles --progress-num=2 "Building CXX object CMakeFiles/sfml-linux-start.dir/src/Game.cpp.o"
/usr/bin/c++  -I/home/ivancholakov/workspace/sfml-linux-start/src -std=gnu++17 -MD -MT CMakeFiles/sfml-linux-start.dir/src/Game.cpp.o -MF CMakeFiles/sfml-linux-start.dir/src/Game.cpp.o.d -o CMakeFiles/sfml-linux-start.dir/src/Game.cpp.o -c /home/ivancholakov/workspace/sfml-linux-start/src/Game.cpp
/usr/bin/cmake -E cmake_echo_color --switch= --green --progress-dir=/home/ivancholakov/workspace/sfml-linux-start/CMakeFiles --progress-num=3 "Building CXX object CMakeFiles/sfml-linux-start.dir/src/StateManager.cpp.o"
/usr/bin/c++  -I/home/ivancholakov/workspace/sfml-linux-start/src -std=gnu++17 -MD -MT CMakeFiles/sfml-linux-start.dir/src/StateManager.cpp.o -MF CMakeFiles/sfml-linux-start.dir/src/StateManager.cpp.o.d -o CMakeFiles/sfml-linux-start.dir/src/StateManager.cpp.o -c /home/ivancholakov/workspace/sfml-linux-start/src/StateManager.cpp
/usr/bin/cmake -E cmake_echo_color --switch= --green --progress-dir=/home/ivancholakov/workspace/sfml-linux-start/CMakeFiles --progress-num=4 "Building CXX object CMakeFiles/sfml-linux-start.dir/src/State_Game.cpp.o"
/usr/bin/c++  -I/home/ivancholakov/workspace/sfml-linux-start/src -std=gnu++17 -MD -MT CMakeFiles/sfml-linux-start.dir/src/State_Game.cpp.o -MF CMakeFiles/sfml-linux-start.dir/src/State_Game.cpp.o.d -o CMakeFiles/sfml-linux-start.dir/src/State_Game.cpp.o -c /home/ivancholakov/workspace/sfml-linux-start/src/State_Game.cpp
/usr/bin/cmake -E cmake_echo_color --switch= --green --progress-dir=/home/ivancholakov/workspace/sfml-linux-start/CMakeFiles --progress-num=5 "Building CXX object CMakeFiles/sfml-linux-start.dir/src/State_Intro.cpp.o"
/usr/bin/c++  -I/home/ivancholakov/workspace/sfml-linux-start/src -std=gnu++17 -MD -MT CMakeFiles/sfml-linux-start.dir/src/State_Intro.cpp.o -MF CMakeFiles/sfml-linux-start.dir/src/State_Intro.cpp.o.d -o CMakeFiles/sfml-linux-start.dir/src/State_Intro.cpp.o -c /home/ivancholakov/workspace/sfml-linux-start/src/State_Intro.cpp
/usr/bin/cmake -E cmake_echo_color --switch= --green --progress-dir=/home/ivancholakov/workspace/sfml-linux-start/CMakeFiles --progress-num=6 "Building CXX object CMakeFiles/sfml-linux-start.dir/src/State_MainMenu.cpp.o"
/usr/bin/c++  -I/home/ivancholakov/workspace/sfml-linux-start/src -std=gnu++17 -MD -MT CMakeFiles/sfml-linux-start.dir/src/State_MainMenu.cpp.o -MF CMakeFiles/sfml-linux-start.dir/src/State_MainMenu.cpp.o.d -o CMakeFiles/sfml-linux-start.dir/src/State_MainMenu.cpp.o -c /home/ivancholakov/workspace/sfml-linux-start/src/State_MainMenu.cpp
/usr/bin/cmake -E cmake_echo_color --switch= --green --progress-dir=/home/ivancholakov/workspace/sfml-linux-start/CMakeFiles --progress-num=7 "Building CXX object CMakeFiles/sfml-linux-start.dir/src/State_Paused.cpp.o"
/usr/bin/c++  -I/home/ivancholakov/workspace/sfml-linux-start/src -std=gnu++17 -MD -MT CMakeFiles/sfml-linux-start.dir/src/State_Paused.cpp.o -MF CMakeFiles/sfml-linux-start.dir/src/State_Paused.cpp.o.d -o CMakeFiles/sfml-linux-start.dir/src/State_Paused.cpp.o -c /home/ivancholakov/workspace/sfml-linux-start/src/State_Paused.cpp
/usr/bin/cmake -E cmake_echo_color --switch= --green --progress-dir=/home/ivancholakov/workspace/sfml-linux-start/CMakeFiles --progress-num=8 "Building CXX object CMakeFiles/sfml-linux-start.dir/src/Window.cpp.o"
/usr/bin/c++  -I/home/ivancholakov/workspace/sfml-linux-start/src -std=gnu++17 -MD -MT CMakeFiles/sfml-linux-start.dir/src/Window.cpp.o -MF CMakeFiles/sfml-linux-start.dir/src/Window.cpp.o.d -o CMakeFiles/sfml-linux-start.dir/src/Window.cpp.o -c /home/ivancholakov/workspace/sfml-linux-start/src/Window.cpp
/usr/bin/cmake -E cmake_echo_color --switch= --green --progress-dir=/home/ivancholakov/workspace/sfml-linux-start/CMakeFiles --progress-num=9 "Building CXX object CMakeFiles/sfml-linux-start.dir/src/main.cpp.o"
/usr/bin/c++  -I/home/ivancholakov/workspace/sfml-linux-start/src -std=gnu++17 -MD -MT CMakeFiles/sfml-linux-start.dir/src/main.cpp.o -MF CMakeFiles/sfml-linux-start.dir/src/main.cpp.o.d -o CMakeFiles/sfml-linux-start.dir/src/main.cpp.o -c /home/ivancholakov/workspace/sfml-linux-start/src/main.cpp
/usr/bin/cmake -E cmake_echo_color --switch= --green --bold --progress-dir=/home/ivancholakov/workspace/sfml-linux-start/CMakeFiles --progress-num=10 "Linking CXX executable bin/sfml-linux-start"
/usr/bin/cmake -E cmake_link_script CMakeFiles/sfml-linux-start.dir/link.txt --verbose=
make[2]: Leaving directory '/home/ivancholakov/workspace/sfml-linux-start'
/usr/bin/cmake -E cmake_echo_color --switch= --progress-dir=/home/ivancholakov/workspace/sfml-linux-start/CMakeFiles --progress-num=1,2,3,4,5,6,7,8,9,10 "Built target sfml-linux-start"
make[1]: Leaving directory '/home/ivancholakov/workspace/sfml-linux-start'
/usr/bin/cmake -E cmake_progress_start /home/ivancholakov/workspace/sfml-linux-start/CMakeFiles 0
make: Leaving directory '/home/ivancholakov/workspace/sfml-linux-start'
 
